<?xml version='1.0'?>
<ns2:test-suite xmlns:ns2='urn:model.allure.qatools.yandex.ru' start='1604071221307' stop='1604071221312'>
    <name>Homepage: Perform a search</name>
    <title>Homepage: Perform a search</title>
    <test-cases>
        <test-case start='1604071221307' status='passed' stop='1604071221308'>
            <name>Hook</name>
            <title>Hook</title>
            <labels>
                <label name='language' value='javascript'/>
                <label name='framework' value='wdio'/>
                <label name='thread' value='0-1'/>
            </labels>
            <parameters>
                <parameter kind='argument' name='browser' value='Chrome-88.0.4307.2'/>
            </parameters>
            <steps/>
            <attachments/>
        </test-case>
        <test-case start='1604071221308' status='broken' stop='1604071221308'>
            <name>Given I have a screen that is 1366 by 768 pixels</name>
            <title>Given I have a screen that is 1366 by 768 pixels</title>
            <labels>
                <label name='language' value='javascript'/>
                <label name='framework' value='wdio'/>
                <label name='thread' value='0-1'/>
            </labels>
            <parameters>
                <parameter kind='argument' name='browser' value='Chrome-88.0.4307.2'/>
            </parameters>
            <steps/>
            <attachments/>
            <failure>
                <message>Step "Given I have a screen that is 1366 by 768 pixels" is not definedYou can ignore this error by setting cucumberOpts.ignoreUndefinedDefinitions as true.</message>
                <stack-trace>undefined:undefined</stack-trace>
            </failure>
        </test-case>
        <test-case start='1604071221309' status='broken' stop='1604071221309'>
            <name>And I open the url "/"</name>
            <title>And I open the url "/"</title>
            <labels>
                <label name='language' value='javascript'/>
                <label name='framework' value='wdio'/>
                <label name='thread' value='0-1'/>
            </labels>
            <parameters>
                <parameter kind='argument' name='browser' value='Chrome-88.0.4307.2'/>
            </parameters>
            <steps/>
            <attachments/>
            <failure>
                <message>Step "And I open the url "/"" is not definedYou can ignore this error by setting cucumberOpts.ignoreUndefinedDefinitions as true.</message>
                <stack-trace>undefined:undefined</stack-trace>
            </failure>
        </test-case>
        <test-case start='1604071221309' status='broken' stop='1604071221310'>
            <name>Then I wait on element "[name='q']" to exist</name>
            <title>Then I wait on element "[name='q']" to exist</title>
            <labels>
                <label name='language' value='javascript'/>
                <label name='framework' value='wdio'/>
                <label name='thread' value='0-1'/>
            </labels>
            <parameters>
                <parameter kind='argument' name='browser' value='Chrome-88.0.4307.2'/>
            </parameters>
            <steps/>
            <attachments/>
            <failure>
                <message>Step "Then I wait on element "[name='q']" to exist" is not definedYou can ignore this error by setting cucumberOpts.ignoreUndefinedDefinitions as true.</message>
                <stack-trace>undefined:undefined</stack-trace>
            </failure>
        </test-case>
        <test-case start='1604071221310' status='broken' stop='1604071221310'>
            <name>When I set "test" to the inputfield "[name='q']"</name>
            <title>When I set "test" to the inputfield "[name='q']"</title>
            <labels>
                <label name='language' value='javascript'/>
                <label name='framework' value='wdio'/>
                <label name='thread' value='0-1'/>
            </labels>
            <parameters>
                <parameter kind='argument' name='browser' value='Chrome-88.0.4307.2'/>
            </parameters>
            <steps/>
            <attachments/>
            <failure>
                <message>Step "When I set "test" to the inputfield "[name='q']"" is not definedYou can ignore this error by setting cucumberOpts.ignoreUndefinedDefinitions as true.</message>
                <stack-trace>undefined:undefined</stack-trace>
            </failure>
        </test-case>
        <test-case start='1604071221311' status='broken' stop='1604071221311'>
            <name>And I submit the form ".nice-search"</name>
            <title>And I submit the form ".nice-search"</title>
            <labels>
                <label name='language' value='javascript'/>
                <label name='framework' value='wdio'/>
                <label name='thread' value='0-1'/>
            </labels>
            <parameters>
                <parameter kind='argument' name='browser' value='Chrome-88.0.4307.2'/>
            </parameters>
            <steps/>
            <attachments/>
            <failure>
                <message>Step "And I submit the form ".nice-search"" is not definedYou can ignore this error by setting cucumberOpts.ignoreUndefinedDefinitions as true.</message>
                <stack-trace>undefined:undefined</stack-trace>
            </failure>
        </test-case>
        <test-case start='1604071221311' status='broken' stop='1604071221311'>
            <name>Then I expect that the path is "/search?q=test"</name>
            <title>Then I expect that the path is "/search?q=test"</title>
            <labels>
                <label name='language' value='javascript'/>
                <label name='framework' value='wdio'/>
                <label name='thread' value='0-1'/>
            </labels>
            <parameters>
                <parameter kind='argument' name='browser' value='Chrome-88.0.4307.2'/>
            </parameters>
            <steps/>
            <attachments/>
            <failure>
                <message>Step "Then I expect that the path is "/search?q=test"" is not definedYou can ignore this error by setting cucumberOpts.ignoreUndefinedDefinitions as true.</message>
                <stack-trace>undefined:undefined</stack-trace>
            </failure>
        </test-case>
        <test-case start='1604071221311' status='passed' stop='1604071221312'>
            <name>Hook</name>
            <title>Hook</title>
            <labels>
                <label name='language' value='javascript'/>
                <label name='framework' value='wdio'/>
                <label name='thread' value='0-1'/>
            </labels>
            <parameters>
                <parameter kind='argument' name='browser' value='Chrome-88.0.4307.2'/>
            </parameters>
            <steps/>
            <attachments/>
        </test-case>
    </test-cases>
</ns2:test-suite>