<?xml version='1.0'?>
<ns2:test-suite xmlns:ns2='urn:model.allure.qatools.yandex.ru' start='1604071221333' stop='1604071221338'>
    <name>Guidance list: Navigate to each guidance list tab</name>
    <title>Guidance list: Navigate to each guidance list tab</title>
    <test-cases>
        <test-case start='1604071221333' status='passed' stop='1604071221334'>
            <name>Hook</name>
            <title>Hook</title>
            <labels>
                <label name='language' value='javascript'/>
                <label name='framework' value='wdio'/>
                <label name='thread' value='0-0'/>
            </labels>
            <parameters>
                <parameter kind='argument' name='browser' value='Chrome-88.0.4307.2'/>
            </parameters>
            <steps/>
            <attachments/>
        </test-case>
        <test-case start='1604071221335' status='broken' stop='1604071221335'>
            <name>Given I have a screen that is 1366 by 768 pixels</name>
            <title>Given I have a screen that is 1366 by 768 pixels</title>
            <labels>
                <label name='language' value='javascript'/>
                <label name='framework' value='wdio'/>
                <label name='thread' value='0-0'/>
            </labels>
            <parameters>
                <parameter kind='argument' name='browser' value='Chrome-88.0.4307.2'/>
            </parameters>
            <steps/>
            <attachments/>
            <failure>
                <message>Step "Given I have a screen that is 1366 by 768 pixels" is not definedYou can ignore this error by setting cucumberOpts.ignoreUndefinedDefinitions as true.</message>
                <stack-trace>undefined:undefined</stack-trace>
            </failure>
        </test-case>
        <test-case start='1604071221335' status='broken' stop='1604071221336'>
            <name>Given I open the url "/guidance/inconsultation"</name>
            <title>Given I open the url "/guidance/inconsultation"</title>
            <labels>
                <label name='language' value='javascript'/>
                <label name='framework' value='wdio'/>
                <label name='thread' value='0-0'/>
            </labels>
            <parameters>
                <parameter kind='argument' name='browser' value='Chrome-88.0.4307.2'/>
            </parameters>
            <steps/>
            <attachments/>
            <failure>
                <message>Step "Given I open the url "/guidance/inconsultation"" is not definedYou can ignore this error by setting cucumberOpts.ignoreUndefinedDefinitions as true.</message>
                <stack-trace>undefined:undefined</stack-trace>
            </failure>
        </test-case>
        <test-case start='1604071221336' status='broken' stop='1604071221337'>
            <name>Then I expect that the attribute "class" from element "#linkConsultations" is "active listTab"</name>
            <title>Then I expect that the attribute "class" from element "#linkConsultations" is "active listTab"</title>
            <labels>
                <label name='language' value='javascript'/>
                <label name='framework' value='wdio'/>
                <label name='thread' value='0-0'/>
            </labels>
            <parameters>
                <parameter kind='argument' name='browser' value='Chrome-88.0.4307.2'/>
            </parameters>
            <steps/>
            <attachments/>
            <failure>
                <message>Step "Then I expect that the attribute "class" from element "#linkConsultations" is "active listTab"" is not definedYou can ignore this error by setting cucumberOpts.ignoreUndefinedDefinitions as true.</message>
                <stack-trace>undefined:undefined</stack-trace>
            </failure>
        </test-case>
        <test-case start='1604071221337' status='passed' stop='1604071221338'>
            <name>Hook</name>
            <title>Hook</title>
            <labels>
                <label name='language' value='javascript'/>
                <label name='framework' value='wdio'/>
                <label name='thread' value='0-0'/>
            </labels>
            <parameters>
                <parameter kind='argument' name='browser' value='Chrome-88.0.4307.2'/>
            </parameters>
            <steps/>
            <attachments/>
        </test-case>
    </test-cases>
</ns2:test-suite>